This file contains any messages produced by compilers while
running configure, to aid debugging if configure makes a mistake.

It was created by configure, which was
generated by GNU Autoconf 2.69.  Invocation command line was

  $ ./configure --with-php-config=php-config

## --------- ##
## Platform. ##
## --------- ##

hostname = Debian-jessie-amd64-netboot
uname -m = x86_64
uname -r = 3.16.0-4-amd64
uname -s = Linux
uname -v = #1 SMP Debian 3.16.7-ckt9-2 (2015-04-13)

/usr/bin/uname -p = unknown
/bin/uname -X     = unknown

/bin/arch              = unknown
/usr/bin/arch -k       = unknown
/usr/convex/getsysinfo = unknown
/usr/bin/hostinfo      = unknown
/bin/machine           = unknown
/usr/bin/oslevel       = unknown
/bin/universe          = unknown

PATH: /usr/local/bin
PATH: /usr/bin
PATH: /bin
PATH: /usr/local/games
PATH: /usr/games


## ----------- ##
## Core tests. ##
## ----------- ##

configure:2380: checking for grep that handles long lines and -e
configure:2438: result: /bin/grep
configure:2443: checking for egrep
configure:2505: result: /bin/grep -E
configure:2510: checking for a sed that does not truncate output
configure:2564: result: /bin/sed
configure:2696: checking for cc
configure:2712: found /usr/bin/cc
configure:2723: result: cc
configure:2754: checking for C compiler version
configure:2763: cc --version >&5
cc (Debian 4.9.2-10) 4.9.2
Copyright (C) 2014 Free Software Foundation, Inc.
This is free software; see the source for copying conditions.  There is NO
warranty; not even for MERCHANTABILITY or FITNESS FOR A PARTICULAR PURPOSE.

configure:2774: $? = 0
configure:2763: cc -v >&5
Using built-in specs.
COLLECT_GCC=cc
COLLECT_LTO_WRAPPER=/usr/lib/gcc/x86_64-linux-gnu/4.9/lto-wrapper
Target: x86_64-linux-gnu
Configured with: ../src/configure -v --with-pkgversion='Debian 4.9.2-10' --with-bugurl=file:///usr/share/doc/gcc-4.9/README.Bugs --enable-languages=c,c++,java,go,d,fortran,objc,obj-c++ --prefix=/usr --program-suffix=-4.9 --enable-shared --enable-linker-build-id --libexecdir=/usr/lib --without-included-gettext --enable-threads=posix --with-gxx-include-dir=/usr/include/c++/4.9 --libdir=/usr/lib --enable-nls --with-sysroot=/ --enable-clocale=gnu --enable-libstdcxx-debug --enable-libstdcxx-time=yes --enable-gnu-unique-object --disable-vtable-verify --enable-plugin --with-system-zlib --disable-browser-plugin --enable-java-awt=gtk --enable-gtk-cairo --with-java-home=/usr/lib/jvm/java-1.5.0-gcj-4.9-amd64/jre --enable-java-home --with-jvm-root-dir=/usr/lib/jvm/java-1.5.0-gcj-4.9-amd64 --with-jvm-jar-dir=/usr/lib/jvm-exports/java-1.5.0-gcj-4.9-amd64 --with-arch-directory=amd64 --with-ecj-jar=/usr/share/java/eclipse-ecj.jar --enable-objc-gc --enable-multiarch --with-arch-32=i586 --with-abi=m64 --with-multilib-list=m32,m64,mx32 --enable-multilib --with-tune=generic --enable-checking=release --build=x86_64-linux-gnu --host=x86_64-linux-gnu --target=x86_64-linux-gnu
Thread model: posix
gcc version 4.9.2 (Debian 4.9.2-10) 
configure:2774: $? = 0
configure:2763: cc -V >&5
cc: error: unrecognized command line option '-V'
cc: fatal error: no input files
compilation terminated.
configure:2774: $? = 4
configure:2763: cc -qversion >&5
cc: error: unrecognized command line option '-qversion'
cc: fatal error: no input files
compilation terminated.
configure:2774: $? = 4
configure:2794: checking whether the C compiler works
configure:2816: cc    conftest.c  >&5
configure:2820: $? = 0
configure:2868: result: yes
configure:2871: checking for C compiler default output file name
configure:2873: result: a.out
configure:2879: checking for suffix of executables
configure:2886: cc -o conftest    conftest.c  >&5
configure:2890: $? = 0
configure:2912: result: 
configure:2934: checking whether we are cross compiling
configure:2942: cc -o conftest    conftest.c  >&5
configure:2946: $? = 0
configure:2953: ./conftest
configure:2957: $? = 0
configure:2972: result: no
configure:2977: checking for suffix of object files
configure:2999: cc -c   conftest.c >&5
configure:3003: $? = 0
configure:3024: result: o
configure:3028: checking whether we are using the GNU C compiler
configure:3047: cc -c   conftest.c >&5
configure:3047: $? = 0
configure:3056: result: yes
configure:3065: checking whether cc accepts -g
configure:3085: cc -c -g  conftest.c >&5
configure:3085: $? = 0
configure:3126: result: yes
configure:3143: checking for cc option to accept ISO C89
configure:3206: cc  -c -g -O2  conftest.c >&5
configure:3206: $? = 0
configure:3219: result: none needed
configure:3245: checking how to run the C preprocessor
configure:3276: cc -E  conftest.c
configure:3276: $? = 0
configure:3290: cc -E  conftest.c
conftest.c:9:28: fatal error: ac_nonexistent.h: No such file or directory
 #include <ac_nonexistent.h>
                            ^
compilation terminated.
configure:3290: $? = 1
configure: failed program was:
| /* confdefs.h */
| #define PACKAGE_NAME ""
| #define PACKAGE_TARNAME ""
| #define PACKAGE_VERSION ""
| #define PACKAGE_STRING ""
| #define PACKAGE_BUGREPORT ""
| #define PACKAGE_URL ""
| /* end confdefs.h.  */
| #include <ac_nonexistent.h>
configure:3315: result: cc -E
configure:3335: cc -E  conftest.c
configure:3335: $? = 0
configure:3349: cc -E  conftest.c
conftest.c:9:28: fatal error: ac_nonexistent.h: No such file or directory
 #include <ac_nonexistent.h>
                            ^
compilation terminated.
configure:3349: $? = 1
configure: failed program was:
| /* confdefs.h */
| #define PACKAGE_NAME ""
| #define PACKAGE_TARNAME ""
| #define PACKAGE_VERSION ""
| #define PACKAGE_STRING ""
| #define PACKAGE_BUGREPORT ""
| #define PACKAGE_URL ""
| /* end confdefs.h.  */
| #include <ac_nonexistent.h>
configure:3380: checking for icc
configure:3389: result: no
configure:3403: checking for suncc
configure:3412: result: no
configure:3430: checking whether cc understands -c and -o together
configure:3458: cc -c conftest.c -o conftest2.o >&5
configure:3462: $? = 0
configure:3468: cc -c conftest.c -o conftest2.o >&5
configure:3472: $? = 0
configure:3527: result: yes
configure:3541: checking for system library directory
configure:3556: result: lib
configure:3563: checking if compiler supports -R
configure:3582: cc -o conftest -g -O2   conftest.c -R /usr/lib  >&5
cc: error: unrecognized command line option '-R'
configure:3582: $? = 1
configure: failed program was:
| /* confdefs.h */
| #define PACKAGE_NAME ""
| #define PACKAGE_TARNAME ""
| #define PACKAGE_VERSION ""
| #define PACKAGE_STRING ""
| #define PACKAGE_BUGREPORT ""
| #define PACKAGE_URL ""
| /* end confdefs.h.  */
| 
| int
| main ()
| {
| 
|   ;
|   return 0;
| }
configure:3592: result: no
configure:3597: checking if compiler supports -Wl,-rpath,
configure:3616: cc -o conftest -g -O2   conftest.c -Wl,-rpath,/usr/lib  >&5
configure:3616: $? = 0
configure:3626: result: yes
configure:3671: checking build system type
configure:3685: result: x86_64-unknown-linux-gnu
configure:3705: checking host system type
configure:3718: result: x86_64-unknown-linux-gnu
configure:3738: checking target system type
configure:3751: result: x86_64-unknown-linux-gnu
configure:3854: checking for PHP prefix
configure:3856: result: /usr/local/php5.6.10
configure:3858: checking for PHP includes
configure:3860: result: -I/usr/local/php5.6.10/include/php -I/usr/local/php5.6.10/include/php/main -I/usr/local/php5.6.10/include/php/TSRM -I/usr/local/php5.6.10/include/php/Zend -I/usr/local/php5.6.10/include/php/ext -I/usr/local/php5.6.10/include/php/ext/date/lib
configure:3862: checking for PHP extension directory
configure:3864: result: /usr/local/php5.6.10/lib/php/extensions/no-debug-non-zts-20131226
configure:3866: checking for PHP installed headers prefix
configure:3868: result: /usr/local/php5.6.10/include/php
configure:3871: checking if debug is enabled
configure:3897: result: no
configure:3900: checking if zts is enabled
configure:3926: result: no
configure:3997: checking for re2c
configure:4027: result: no
configure:4052: WARNING: You will need re2c 0.13.4 or later if you want to regenerate PHP parsers.
configure:4066: checking for gawk
configure:4097: result: no
configure:4066: checking for nawk
configure:4083: found /usr/bin/nawk
configure:4094: result: nawk
configure:4117: checking if nawk is broken
configure:4124: result: no
configure:4137: checking whether to enable the thrift_protocol extension
configure:4176: result: yes, shared
configure:4243: checking for g++
configure:4259: found /usr/bin/g++
configure:4270: result: g++
configure:4297: checking for C++ compiler version
configure:4306: g++ --version >&5
g++ (Debian 4.9.2-10) 4.9.2
Copyright (C) 2014 Free Software Foundation, Inc.
This is free software; see the source for copying conditions.  There is NO
warranty; not even for MERCHANTABILITY or FITNESS FOR A PARTICULAR PURPOSE.

configure:4317: $? = 0
configure:4306: g++ -v >&5
Using built-in specs.
COLLECT_GCC=g++
COLLECT_LTO_WRAPPER=/usr/lib/gcc/x86_64-linux-gnu/4.9/lto-wrapper
Target: x86_64-linux-gnu
Configured with: ../src/configure -v --with-pkgversion='Debian 4.9.2-10' --with-bugurl=file:///usr/share/doc/gcc-4.9/README.Bugs --enable-languages=c,c++,java,go,d,fortran,objc,obj-c++ --prefix=/usr --program-suffix=-4.9 --enable-shared --enable-linker-build-id --libexecdir=/usr/lib --without-included-gettext --enable-threads=posix --with-gxx-include-dir=/usr/include/c++/4.9 --libdir=/usr/lib --enable-nls --with-sysroot=/ --enable-clocale=gnu --enable-libstdcxx-debug --enable-libstdcxx-time=yes --enable-gnu-unique-object --disable-vtable-verify --enable-plugin --with-system-zlib --disable-browser-plugin --enable-java-awt=gtk --enable-gtk-cairo --with-java-home=/usr/lib/jvm/java-1.5.0-gcj-4.9-amd64/jre --enable-java-home --with-jvm-root-dir=/usr/lib/jvm/java-1.5.0-gcj-4.9-amd64 --with-jvm-jar-dir=/usr/lib/jvm-exports/java-1.5.0-gcj-4.9-amd64 --with-arch-directory=amd64 --with-ecj-jar=/usr/share/java/eclipse-ecj.jar --enable-objc-gc --enable-multiarch --with-arch-32=i586 --with-abi=m64 --with-multilib-list=m32,m64,mx32 --enable-multilib --with-tune=generic --enable-checking=release --build=x86_64-linux-gnu --host=x86_64-linux-gnu --target=x86_64-linux-gnu
Thread model: posix
gcc version 4.9.2 (Debian 4.9.2-10) 
configure:4317: $? = 0
configure:4306: g++ -V >&5
g++: error: unrecognized command line option '-V'
g++: fatal error: no input files
compilation terminated.
configure:4317: $? = 4
configure:4306: g++ -qversion >&5
g++: error: unrecognized command line option '-qversion'
g++: fatal error: no input files
compilation terminated.
configure:4317: $? = 4
configure:4321: checking whether we are using the GNU C++ compiler
configure:4340: g++ -c   conftest.cpp >&5
configure:4340: $? = 0
configure:4349: result: yes
configure:4358: checking whether g++ accepts -g
configure:4378: g++ -c -g  conftest.cpp >&5
configure:4378: $? = 0
configure:4419: result: yes
configure:4447: checking how to run the C++ preprocessor
configure:4474: g++ -E  conftest.cpp
configure:4474: $? = 0
configure:4488: g++ -E  conftest.cpp
conftest.cpp:9:28: fatal error: ac_nonexistent.h: No such file or directory
 #include <ac_nonexistent.h>
                            ^
compilation terminated.
configure:4488: $? = 1
configure: failed program was:
| /* confdefs.h */
| #define PACKAGE_NAME ""
| #define PACKAGE_TARNAME ""
| #define PACKAGE_VERSION ""
| #define PACKAGE_STRING ""
| #define PACKAGE_BUGREPORT ""
| #define PACKAGE_URL ""
| /* end confdefs.h.  */
| #include <ac_nonexistent.h>
configure:4513: result: g++ -E
configure:4533: g++ -E  conftest.cpp
configure:4533: $? = 0
configure:4547: g++ -E  conftest.cpp
conftest.cpp:9:28: fatal error: ac_nonexistent.h: No such file or directory
 #include <ac_nonexistent.h>
                            ^
compilation terminated.
configure:4547: $? = 1
configure: failed program was:
| /* confdefs.h */
| #define PACKAGE_NAME ""
| #define PACKAGE_TARNAME ""
| #define PACKAGE_VERSION ""
| #define PACKAGE_STRING ""
| #define PACKAGE_BUGREPORT ""
| #define PACKAGE_URL ""
| /* end confdefs.h.  */
| #include <ac_nonexistent.h>
configure:4972: checking for ld used by cc
configure:5039: result: /usr/bin/ld
configure:5046: checking if the linker (/usr/bin/ld) is GNU ld
configure:5061: result: yes
configure:5066: checking for /usr/bin/ld option to reload object files
configure:5073: result: -r
configure:5091: checking for BSD-compatible nm
configure:5140: result: /usr/bin/nm -B
configure:5144: checking whether ln -s works
configure:5148: result: yes
configure:5155: checking how to recognize dependent libraries
configure:5341: result: pass_all
configure:5426: cc -c -g -O2  conftest.c >&5
configure:5429: $? = 0
configure:5559: checking for ANSI C header files
configure:5579: cc -c -g -O2  conftest.c >&5
configure:5579: $? = 0
configure:5652: cc -o conftest -g -O2   conftest.c -lstdc++  >&5
configure:5652: $? = 0
configure:5652: ./conftest
configure:5652: $? = 0
configure:5663: result: yes
configure:5676: checking for sys/types.h
configure:5676: cc -c -g -O2  conftest.c >&5
configure:5676: $? = 0
configure:5676: result: yes
configure:5676: checking for sys/stat.h
configure:5676: cc -c -g -O2  conftest.c >&5
configure:5676: $? = 0
configure:5676: result: yes
configure:5676: checking for stdlib.h
configure:5676: cc -c -g -O2  conftest.c >&5
configure:5676: $? = 0
configure:5676: result: yes
configure:5676: checking for string.h
configure:5676: cc -c -g -O2  conftest.c >&5
configure:5676: $? = 0
configure:5676: result: yes
configure:5676: checking for memory.h
configure:5676: cc -c -g -O2  conftest.c >&5
configure:5676: $? = 0
configure:5676: result: yes
configure:5676: checking for strings.h
configure:5676: cc -c -g -O2  conftest.c >&5
configure:5676: $? = 0
configure:5676: result: yes
configure:5676: checking for inttypes.h
configure:5676: cc -c -g -O2  conftest.c >&5
configure:5676: $? = 0
configure:5676: result: yes
configure:5676: checking for stdint.h
configure:5676: cc -c -g -O2  conftest.c >&5
configure:5676: $? = 0
configure:5676: result: yes
configure:5676: checking for unistd.h
configure:5676: cc -c -g -O2  conftest.c >&5
configure:5676: $? = 0
configure:5676: result: yes
configure:5690: checking dlfcn.h usability
configure:5690: cc -c -g -O2  conftest.c >&5
configure:5690: $? = 0
configure:5690: result: yes
configure:5690: checking dlfcn.h presence
configure:5690: cc -E  conftest.c
configure:5690: $? = 0
configure:5690: result: yes
configure:5690: checking for dlfcn.h
configure:5690: result: yes
configure:5710: checking how to run the C++ preprocessor
configure:5776: result: g++ -E
configure:5796: g++ -E  conftest.cpp
configure:5796: $? = 0
configure:5810: g++ -E  conftest.cpp
conftest.cpp:21:28: fatal error: ac_nonexistent.h: No such file or directory
 #include <ac_nonexistent.h>
                            ^
compilation terminated.
configure:5810: $? = 1
configure: failed program was:
| /* confdefs.h */
| #define PACKAGE_NAME ""
| #define PACKAGE_TARNAME ""
| #define PACKAGE_VERSION ""
| #define PACKAGE_STRING ""
| #define PACKAGE_BUGREPORT ""
| #define PACKAGE_URL ""
| #define COMPILE_DL_THRIFT_PROTOCOL 1
| #define STDC_HEADERS 1
| #define HAVE_SYS_TYPES_H 1
| #define HAVE_SYS_STAT_H 1
| #define HAVE_STDLIB_H 1
| #define HAVE_STRING_H 1
| #define HAVE_MEMORY_H 1
| #define HAVE_STRINGS_H 1
| #define HAVE_INTTYPES_H 1
| #define HAVE_STDINT_H 1
| #define HAVE_UNISTD_H 1
| #define HAVE_DLFCN_H 1
| /* end confdefs.h.  */
| #include <ac_nonexistent.h>
configure:5843: checking the maximum length of command line arguments
configure:5955: result: 1572864
configure:5967: checking command to parse /usr/bin/nm -B output from cc object
configure:6072: g++ -c -g -O2  conftest.cpp >&5
configure:6075: $? = 0
configure:6079: /usr/bin/nm -B conftest.o \| sed -n -e 's/^.*[ 	]\([ABCDGIRSTW][ABCDGIRSTW]*\)[ 	][ 	]*\([_A-Za-z][_A-Za-z0-9]*\)$/\1 \2 \2/p' \> conftest.nm
configure:6082: $? = 0
configure:6134: g++ -o conftest -g -O2   conftest.cpp conftstm.o >&5
configure:6137: $? = 0
configure:6175: result: ok
configure:6179: checking for objdir
configure:6194: result: .libs
configure:6286: checking for ar
configure:6302: found /usr/bin/ar
configure:6313: result: ar
configure:6378: checking for ranlib
configure:6394: found /usr/bin/ranlib
configure:6405: result: ranlib
configure:6470: checking for strip
configure:6486: found /usr/bin/strip
configure:6497: result: strip
configure:7066: checking if cc supports -fno-rtti -fno-exceptions
configure:7084: cc -c -g -O2  -fno-rtti -fno-exceptions conftest.c >&5
cc1: warning: command line option '-fno-rtti' is valid for C++/ObjC++ but not for C
configure:7088: $? = 0
configure:7101: result: no
configure:7116: checking for cc option to produce PIC
configure:7356: result: -fPIC
configure:7364: checking if cc PIC flag -fPIC works
configure:7382: cc -c -g -O2  -fPIC -DPIC conftest.c >&5
configure:7386: $? = 0
configure:7399: result: yes
configure:7427: checking if cc static flag -static works
configure:7455: result: yes
configure:7465: checking if cc supports -c -o file.o
configure:7486: cc -c -g -O2  -o out/conftest2.o conftest.c >&5
configure:7490: $? = 0
configure:7512: result: yes
configure:7538: checking whether the cc linker (/usr/bin/ld -m elf_x86_64) supports shared libraries
configure:8466: result: yes
configure:8487: checking whether -lc should be explicitly linked in
configure:8492: cc -c -g -O2  conftest.c >&5
configure:8495: $? = 0
configure:8510: cc -shared conftest.o  -v -Wl,-soname -Wl,conftest -o conftest 2\>\&1 \| grep  -lc  \>/dev/null 2\>\&1
configure:8513: $? = 0
configure:8525: result: no
configure:8533: checking dynamic linker characteristics
configure:9131: result: GNU/Linux ld.so
configure:9155: checking how to hardcode library paths into programs
configure:9180: result: immediate
configure:9194: checking whether stripping libraries is possible
configure:9199: result: yes
configure:9716: checking if libtool supports shared libraries
configure:9718: result: yes
configure:9721: checking whether to build shared libraries
configure:9742: result: yes
configure:9745: checking whether to build static libraries
configure:9749: result: no
configure:9844: result:
creating libtool
configure:10435: checking for ld used by g++
configure:10502: result: /usr/bin/ld -m elf_x86_64
configure:10509: checking if the linker (/usr/bin/ld -m elf_x86_64) is GNU ld
configure:10524: result: yes
configure:10575: checking whether the g++ linker (/usr/bin/ld -m elf_x86_64) supports shared libraries
configure:11473: result: yes
configure:11494: g++ -c -g -O2  conftest.cpp >&5
configure:11497: $? = 0
configure:11653: checking for g++ option to produce PIC
configure:11943: result: -fPIC
configure:11951: checking if g++ PIC flag -fPIC works
configure:11969: g++ -c -g -O2  -fPIC -DPIC conftest.cpp >&5
configure:11973: $? = 0
configure:11986: result: yes
configure:12014: checking if g++ static flag -static works
configure:12042: result: yes
configure:12052: checking if g++ supports -c -o file.o
configure:12073: g++ -c -g -O2  -o out/conftest2.o conftest.cpp >&5
configure:12077: $? = 0
configure:12099: result: yes
configure:12125: checking whether the g++ linker (/usr/bin/ld -m elf_x86_64) supports shared libraries
configure:12151: result: yes
configure:12218: checking dynamic linker characteristics
configure:12764: result: GNU/Linux ld.so
configure:12788: checking how to hardcode library paths into programs
configure:12813: result: immediate
configure:13543: creating ./config.status

## ---------------------- ##
## Running config.status. ##
## ---------------------- ##

This file was extended by config.status, which was
generated by GNU Autoconf 2.69.  Invocation command line was

  CONFIG_FILES    = 
  CONFIG_HEADERS  = 
  CONFIG_LINKS    = 
  CONFIG_COMMANDS = 
  $ ./config.status 

on Debian-jessie-amd64-netboot

config.status:676: creating config.h

## ---------------- ##
## Cache variables. ##
## ---------------- ##

ac_cv_build=x86_64-unknown-linux-gnu
ac_cv_c_compiler_gnu=yes
ac_cv_cxx_compiler_gnu=yes
ac_cv_env_CCC_set=
ac_cv_env_CCC_value=
ac_cv_env_CC_set=
ac_cv_env_CC_value=
ac_cv_env_CFLAGS_set=
ac_cv_env_CFLAGS_value=
ac_cv_env_CPPFLAGS_set=
ac_cv_env_CPPFLAGS_value=
ac_cv_env_CPP_set=
ac_cv_env_CPP_value=
ac_cv_env_CXXCPP_set=
ac_cv_env_CXXCPP_value=
ac_cv_env_CXXFLAGS_set=
ac_cv_env_CXXFLAGS_value=
ac_cv_env_CXX_set=
ac_cv_env_CXX_value=
ac_cv_env_LDFLAGS_set=
ac_cv_env_LDFLAGS_value=
ac_cv_env_LIBS_set=
ac_cv_env_LIBS_value=
ac_cv_env_build_alias_set=
ac_cv_env_build_alias_value=
ac_cv_env_host_alias_set=
ac_cv_env_host_alias_value=
ac_cv_env_target_alias_set=
ac_cv_env_target_alias_value=
ac_cv_header_dlfcn_h=yes
ac_cv_header_inttypes_h=yes
ac_cv_header_memory_h=yes
ac_cv_header_stdc=yes
ac_cv_header_stdint_h=yes
ac_cv_header_stdlib_h=yes
ac_cv_header_string_h=yes
ac_cv_header_strings_h=yes
ac_cv_header_sys_stat_h=yes
ac_cv_header_sys_types_h=yes
ac_cv_header_unistd_h=yes
ac_cv_host=x86_64-unknown-linux-gnu
ac_cv_objext=o
ac_cv_path_EGREP='/bin/grep -E'
ac_cv_path_GREP=/bin/grep
ac_cv_prog_AWK=nawk
ac_cv_prog_CPP='cc -E'
ac_cv_prog_CXXCPP='g++ -E'
ac_cv_prog_ac_ct_AR=ar
ac_cv_prog_ac_ct_CC=cc
ac_cv_prog_ac_ct_CXX=g++
ac_cv_prog_ac_ct_RANLIB=ranlib
ac_cv_prog_ac_ct_STRIP=strip
ac_cv_prog_cc_c89=
ac_cv_prog_cc_cc_c_o=yes
ac_cv_prog_cc_g=yes
ac_cv_prog_cxx_g=yes
ac_cv_target=x86_64-unknown-linux-gnu
lt_cv_deplibs_check_method=pass_all
lt_cv_file_magic_cmd='$MAGIC_CMD'
lt_cv_file_magic_test_file=
lt_cv_ld_reload_flag=-r
lt_cv_objdir=.libs
lt_cv_path_LD=/usr/bin/ld
lt_cv_path_LDCXX='/usr/bin/ld -m elf_x86_64'
lt_cv_path_NM='/usr/bin/nm -B'
lt_cv_path_SED=/bin/sed
lt_cv_prog_compiler_c_o=yes
lt_cv_prog_compiler_c_o_CXX=yes
lt_cv_prog_compiler_pic_works=yes
lt_cv_prog_compiler_pic_works_CXX=yes
lt_cv_prog_compiler_rtti_exceptions=no
lt_cv_prog_compiler_static_works=yes
lt_cv_prog_compiler_static_works_CXX=yes
lt_cv_prog_gnu_ld=yes
lt_cv_prog_gnu_ldcxx=yes
lt_cv_sys_global_symbol_pipe='sed -n -e '\''s/^.*[ 	]\([ABCDGIRSTW][ABCDGIRSTW]*\)[ 	][ 	]*\([_A-Za-z][_A-Za-z0-9]*\)$/\1 \2 \2/p'\'''
lt_cv_sys_global_symbol_to_c_name_address='sed -n -e '\''s/^: \([^ ]*\) $/  {\"\1\", (lt_ptr) 0},/p'\'' -e '\''s/^[BCDEGRST] \([^ ]*\) \([^ ]*\)$/  {"\2", (lt_ptr) \&\2},/p'\'''
lt_cv_sys_global_symbol_to_cdecl='sed -n -e '\''s/^. .* \(.*\)$/extern int \1;/p'\'''
lt_cv_sys_lib_dlsearch_path_spec='/lib /usr/lib /usr/lib/x86_64-linux-gnu/libfakeroot /usr/local/lib /lib/x86_64-linux-gnu /usr/lib/x86_64-linux-gnu '
lt_cv_sys_lib_search_path_spec='/usr/lib/gcc/x86_64-linux-gnu/4.9 /usr/lib/x86_64-linux-gnu /usr/lib /lib/x86_64-linux-gnu /lib'
lt_cv_sys_max_cmd_len=1572864
lt_lt_cv_prog_compiler_c_o='"yes"'
lt_lt_cv_prog_compiler_c_o_CXX='"yes"'
lt_lt_cv_sys_global_symbol_pipe='"sed -n -e '\''s/^.*[ 	]\\([ABCDGIRSTW][ABCDGIRSTW]*\\)[ 	][ 	]*\\([_A-Za-z][_A-Za-z0-9]*\\)\$/\\1 \\2 \\2/p'\''"'
lt_lt_cv_sys_global_symbol_to_c_name_address='"sed -n -e '\''s/^: \\([^ ]*\\) \$/  {\\\"\\1\\\", (lt_ptr) 0},/p'\'' -e '\''s/^[BCDEGRST] \\([^ ]*\\) \\([^ ]*\\)\$/  {\"\\2\", (lt_ptr) \\&\\2},/p'\''"'
lt_lt_cv_sys_global_symbol_to_cdecl='"sed -n -e '\''s/^. .* \\(.*\\)\$/extern int \\1;/p'\''"'
php_cv_cc_dashr=no
php_cv_cc_rpath=yes

## ----------------- ##
## Output variables. ##
## ----------------- ##

AR='ar'
AWK='nawk'
CC='cc'
CFLAGS='-g -O2'
CONFIGURE_COMMAND=' '\''./configure'\''  '\''--with-php-config=php-config'\'''
CONFIGURE_OPTIONS=' '\''--with-php-config=php-config'\'''
CPP='cc -E'
CPPFLAGS=' -DHAVE_CONFIG_H'
CXX='g++'
CXXCPP='g++ -E'
CXXFLAGS='-g -O2'
DEFS='-DHAVE_CONFIG_H'
DSYMUTIL=''
ECHO='echo'
ECHO_C=''
ECHO_N='-n'
ECHO_T=''
EGREP='/bin/grep -E'
EXEEXT=''
GREP='/bin/grep'
LDFLAGS=''
LIBOBJS=''
LIBS='-lstdc++ '
LIBTOOL='$(SHELL) $(top_builddir)/libtool'
LN_S='ln -s'
LTLIBOBJS=''
NMEDIT=''
OBJEXT='o'
PACKAGE_BUGREPORT=''
PACKAGE_NAME=''
PACKAGE_STRING=''
PACKAGE_TARNAME=''
PACKAGE_URL=''
PACKAGE_VERSION=''
PATH_SEPARATOR=':'
RANLIB='ranlib'
RE2C='exit 0;'
SED='/bin/sed'
SHELL='/bin/bash'
SHLIB_DL_SUFFIX_NAME='so'
SHLIB_SUFFIX_NAME='so'
STRIP='strip'
ac_ct_CC='cc'
ac_ct_CXX='g++'
bindir='${exec_prefix}/bin'
build='x86_64-unknown-linux-gnu'
build_alias=''
build_cpu='x86_64'
build_os='linux-gnu'
build_vendor='unknown'
datadir='${datarootdir}'
datarootdir='${prefix}/share'
docdir='${datarootdir}/doc/${PACKAGE}'
dvidir='${docdir}'
exec_prefix='$(prefix)'
host='x86_64-unknown-linux-gnu'
host_alias='x86_64-unknown-linux-gnu'
host_cpu='x86_64'
host_os='linux-gnu'
host_vendor='unknown'
htmldir='${docdir}'
includedir='${prefix}/include'
infodir='${datarootdir}/info'
libdir='${exec_prefix}/lib'
libexecdir='${exec_prefix}/libexec'
localedir='${datarootdir}/locale'
localstatedir='${prefix}/var'
mandir='${datarootdir}/man'
oldincludedir='/usr/include'
pdfdir='${docdir}'
prefix='/usr/local/php5.6.10'
program_transform_name='s,x,x,'
psdir='${docdir}'
sbindir='${exec_prefix}/sbin'
sharedstatedir='${prefix}/com'
sysconfdir='${prefix}/etc'
target='x86_64-unknown-linux-gnu'
target_alias=''
target_cpu='x86_64'
target_os='linux-gnu'
target_vendor='unknown'

## ----------- ##
## confdefs.h. ##
## ----------- ##

/* confdefs.h */
#define PACKAGE_NAME ""
#define PACKAGE_TARNAME ""
#define PACKAGE_VERSION ""
#define PACKAGE_STRING ""
#define PACKAGE_BUGREPORT ""
#define PACKAGE_URL ""
#define COMPILE_DL_THRIFT_PROTOCOL 1
#define STDC_HEADERS 1
#define HAVE_SYS_TYPES_H 1
#define HAVE_SYS_STAT_H 1
#define HAVE_STDLIB_H 1
#define HAVE_STRING_H 1
#define HAVE_MEMORY_H 1
#define HAVE_STRINGS_H 1
#define HAVE_INTTYPES_H 1
#define HAVE_STDINT_H 1
#define HAVE_UNISTD_H 1
#define HAVE_DLFCN_H 1

configure: exit 0
